Performing C SOURCE FILE Test CMAKE_HAVE_LIBC_PTHREAD failed with the following output:
Change Dir: /home/arinux/workspace/Cpp_Repository/cmake/CMakeFiles/CMakeTmp

Run Build Command(s):/usr/bin/make cmTC_2682d/fast && /usr/bin/make -f CMakeFiles/cmTC_2682d.dir/build.make CMakeFiles/cmTC_2682d.dir/build
make[1]: Entering directory '/home/arinux/workspace/Cpp_Repository/cmake/CMakeFiles/CMakeTmp'
Building C object CMakeFiles/cmTC_2682d.dir/src.c.o
/usr/bin/cc   -DCMAKE_HAVE_LIBC_PTHREAD   -o CMakeFiles/cmTC_2682d.dir/src.c.o   -c /home/arinux/workspace/Cpp_Repository/cmake/CMakeFiles/CMakeTmp/src.c
Linking C executable cmTC_2682d
/usr/bin/cmake -E cmake_link_script CMakeFiles/cmTC_2682d.dir/link.txt --verbose=1
/usr/bin/cc  -DCMAKE_HAVE_LIBC_PTHREAD    CMakeFiles/cmTC_2682d.dir/src.c.o  -o cmTC_2682d 
/usr/bin/ld: CMakeFiles/cmTC_2682d.dir/src.c.o: in function `main':
src.c:(.text+0x46): undefined reference to `pthread_create'
/usr/bin/ld: src.c:(.text+0x52): undefined reference to `pthread_detach'
/usr/bin/ld: src.c:(.text+0x63): undefined reference to `pthread_join'
collect2: error: ld returned 1 exit status
make[1]: *** [CMakeFiles/cmTC_2682d.dir/build.make:87: cmTC_2682d] Error 1
make[1]: Leaving directory '/home/arinux/workspace/Cpp_Repository/cmake/CMakeFiles/CMakeTmp'
make: *** [Makefile:121: cmTC_2682d/fast] Error 2


Source file was:
#include <pthread.h>

void* test_func(void* data)
{
  return data;
}

int main(void)
{
  pthread_t thread;
  pthread_create(&thread, NULL, test_func, NULL);
  pthread_detach(thread);
  pthread_join(thread, NULL);
  pthread_atfork(NULL, NULL, NULL);
  pthread_exit(NULL);

  return 0;
}

Determining if the function pthread_create exists in the pthreads failed with the following output:
Change Dir: /home/arinux/workspace/Cpp_Repository/cmake/CMakeFiles/CMakeTmp

Run Build Command(s):/usr/bin/make cmTC_7cb5e/fast && /usr/bin/make -f CMakeFiles/cmTC_7cb5e.dir/build.make CMakeFiles/cmTC_7cb5e.dir/build
make[1]: Entering directory '/home/arinux/workspace/Cpp_Repository/cmake/CMakeFiles/CMakeTmp'
Building C object CMakeFiles/cmTC_7cb5e.dir/CheckFunctionExists.c.o
/usr/bin/cc   -DCHECK_FUNCTION_EXISTS=pthread_create   -o CMakeFiles/cmTC_7cb5e.dir/CheckFunctionExists.c.o   -c /usr/share/cmake-3.16/Modules/CheckFunctionExists.c
Linking C executable cmTC_7cb5e
/usr/bin/cmake -E cmake_link_script CMakeFiles/cmTC_7cb5e.dir/link.txt --verbose=1
/usr/bin/cc  -DCHECK_FUNCTION_EXISTS=pthread_create    CMakeFiles/cmTC_7cb5e.dir/CheckFunctionExists.c.o  -o cmTC_7cb5e  -lpthreads 
/usr/bin/ld: cannot find -lpthreads
collect2: error: ld returned 1 exit status
make[1]: *** [CMakeFiles/cmTC_7cb5e.dir/build.make:87: cmTC_7cb5e] Error 1
make[1]: Leaving directory '/home/arinux/workspace/Cpp_Repository/cmake/CMakeFiles/CMakeTmp'
make: *** [Makefile:121: cmTC_7cb5e/fast] Error 2



Performing C SOURCE FILE Test CMAKE_HAVE_LIBC_PTHREAD failed with the following output:
Change Dir: /home/arinux/workspace/Cpp_Repository/cmake/CMakeFiles/CMakeTmp

Run Build Command(s):/usr/bin/make cmTC_92671/fast && /usr/bin/make -f CMakeFiles/cmTC_92671.dir/build.make CMakeFiles/cmTC_92671.dir/build
make[1]: Entering directory '/home/arinux/workspace/Cpp_Repository/cmake/CMakeFiles/CMakeTmp'
Building C object CMakeFiles/cmTC_92671.dir/src.c.o
/usr/bin/cc   -DCMAKE_HAVE_LIBC_PTHREAD   -o CMakeFiles/cmTC_92671.dir/src.c.o   -c /home/arinux/workspace/Cpp_Repository/cmake/CMakeFiles/CMakeTmp/src.c
Linking C executable cmTC_92671
/usr/bin/cmake -E cmake_link_script CMakeFiles/cmTC_92671.dir/link.txt --verbose=1
/usr/bin/cc  -DCMAKE_HAVE_LIBC_PTHREAD    CMakeFiles/cmTC_92671.dir/src.c.o  -o cmTC_92671 
/usr/bin/ld: CMakeFiles/cmTC_92671.dir/src.c.o: in function `main':
src.c:(.text+0x46): undefined reference to `pthread_create'
/usr/bin/ld: src.c:(.text+0x52): undefined reference to `pthread_detach'
/usr/bin/ld: src.c:(.text+0x63): undefined reference to `pthread_join'
collect2: error: ld returned 1 exit status
make[1]: *** [CMakeFiles/cmTC_92671.dir/build.make:87: cmTC_92671] Error 1
make[1]: Leaving directory '/home/arinux/workspace/Cpp_Repository/cmake/CMakeFiles/CMakeTmp'
make: *** [Makefile:121: cmTC_92671/fast] Error 2


Source file was:
#include <pthread.h>

void* test_func(void* data)
{
  return data;
}

int main(void)
{
  pthread_t thread;
  pthread_create(&thread, NULL, test_func, NULL);
  pthread_detach(thread);
  pthread_join(thread, NULL);
  pthread_atfork(NULL, NULL, NULL);
  pthread_exit(NULL);

  return 0;
}

Determining if the function pthread_create exists in the pthreads failed with the following output:
Change Dir: /home/arinux/workspace/Cpp_Repository/cmake/CMakeFiles/CMakeTmp

Run Build Command(s):/usr/bin/make cmTC_6e790/fast && /usr/bin/make -f CMakeFiles/cmTC_6e790.dir/build.make CMakeFiles/cmTC_6e790.dir/build
make[1]: Entering directory '/home/arinux/workspace/Cpp_Repository/cmake/CMakeFiles/CMakeTmp'
Building C object CMakeFiles/cmTC_6e790.dir/CheckFunctionExists.c.o
/usr/bin/cc   -DCHECK_FUNCTION_EXISTS=pthread_create   -o CMakeFiles/cmTC_6e790.dir/CheckFunctionExists.c.o   -c /usr/share/cmake-3.16/Modules/CheckFunctionExists.c
Linking C executable cmTC_6e790
/usr/bin/cmake -E cmake_link_script CMakeFiles/cmTC_6e790.dir/link.txt --verbose=1
/usr/bin/cc  -DCHECK_FUNCTION_EXISTS=pthread_create    CMakeFiles/cmTC_6e790.dir/CheckFunctionExists.c.o  -o cmTC_6e790  -lpthreads 
/usr/bin/ld: cannot find -lpthreads
collect2: error: ld returned 1 exit status
make[1]: *** [CMakeFiles/cmTC_6e790.dir/build.make:87: cmTC_6e790] Error 1
make[1]: Leaving directory '/home/arinux/workspace/Cpp_Repository/cmake/CMakeFiles/CMakeTmp'
make: *** [Makefile:121: cmTC_6e790/fast] Error 2



Performing C SOURCE FILE Test CMAKE_HAVE_LIBC_PTHREAD failed with the following output:
Change Dir: /home/arinux/workspace/Cpp_Repository/cmake/CMakeFiles/CMakeTmp

Run Build Command(s):/usr/bin/make cmTC_6e0f4/fast && /usr/bin/make -f CMakeFiles/cmTC_6e0f4.dir/build.make CMakeFiles/cmTC_6e0f4.dir/build
make[1]: Entering directory '/home/arinux/workspace/Cpp_Repository/cmake/CMakeFiles/CMakeTmp'
Building C object CMakeFiles/cmTC_6e0f4.dir/src.c.o
/usr/bin/cc   -DCMAKE_HAVE_LIBC_PTHREAD   -o CMakeFiles/cmTC_6e0f4.dir/src.c.o   -c /home/arinux/workspace/Cpp_Repository/cmake/CMakeFiles/CMakeTmp/src.c
Linking C executable cmTC_6e0f4
/usr/bin/cmake -E cmake_link_script CMakeFiles/cmTC_6e0f4.dir/link.txt --verbose=1
/usr/bin/cc  -DCMAKE_HAVE_LIBC_PTHREAD    CMakeFiles/cmTC_6e0f4.dir/src.c.o  -o cmTC_6e0f4 
/usr/bin/ld: CMakeFiles/cmTC_6e0f4.dir/src.c.o: in function `main':
src.c:(.text+0x46): undefined reference to `pthread_create'
/usr/bin/ld: src.c:(.text+0x52): undefined reference to `pthread_detach'
/usr/bin/ld: src.c:(.text+0x63): undefined reference to `pthread_join'
collect2: error: ld returned 1 exit status
make[1]: *** [CMakeFiles/cmTC_6e0f4.dir/build.make:87: cmTC_6e0f4] Error 1
make[1]: Leaving directory '/home/arinux/workspace/Cpp_Repository/cmake/CMakeFiles/CMakeTmp'
make: *** [Makefile:121: cmTC_6e0f4/fast] Error 2


Source file was:
#include <pthread.h>

void* test_func(void* data)
{
  return data;
}

int main(void)
{
  pthread_t thread;
  pthread_create(&thread, NULL, test_func, NULL);
  pthread_detach(thread);
  pthread_join(thread, NULL);
  pthread_atfork(NULL, NULL, NULL);
  pthread_exit(NULL);

  return 0;
}

Determining if the function pthread_create exists in the pthreads failed with the following output:
Change Dir: /home/arinux/workspace/Cpp_Repository/cmake/CMakeFiles/CMakeTmp

Run Build Command(s):/usr/bin/make cmTC_0b3ca/fast && /usr/bin/make -f CMakeFiles/cmTC_0b3ca.dir/build.make CMakeFiles/cmTC_0b3ca.dir/build
make[1]: Entering directory '/home/arinux/workspace/Cpp_Repository/cmake/CMakeFiles/CMakeTmp'
Building C object CMakeFiles/cmTC_0b3ca.dir/CheckFunctionExists.c.o
/usr/bin/cc   -DCHECK_FUNCTION_EXISTS=pthread_create   -o CMakeFiles/cmTC_0b3ca.dir/CheckFunctionExists.c.o   -c /usr/share/cmake-3.16/Modules/CheckFunctionExists.c
Linking C executable cmTC_0b3ca
/usr/bin/cmake -E cmake_link_script CMakeFiles/cmTC_0b3ca.dir/link.txt --verbose=1
/usr/bin/cc  -DCHECK_FUNCTION_EXISTS=pthread_create    CMakeFiles/cmTC_0b3ca.dir/CheckFunctionExists.c.o  -o cmTC_0b3ca  -lpthreads 
/usr/bin/ld: cannot find -lpthreads
collect2: error: ld returned 1 exit status
make[1]: *** [CMakeFiles/cmTC_0b3ca.dir/build.make:87: cmTC_0b3ca] Error 1
make[1]: Leaving directory '/home/arinux/workspace/Cpp_Repository/cmake/CMakeFiles/CMakeTmp'
make: *** [Makefile:121: cmTC_0b3ca/fast] Error 2



